This is e-pTeX, Version 3.1415926-p3.4-110825-2.6 (utf8.euc) (TeX Live 2013) (format=platex 2013.4.22)  24 APR 2013 00:47
entering extended mode
 restricted \write18 enabled.
 %&-line parsing enabled.
**report.tex
(./report.tex
pLaTeX2e <2006/11/10> (based on LaTeX2e <2011/06/27> patch level 0)
Babel <v3.8m> and hyphenation patterns for english, dumylang, nohyphenation, ge
rman-x-2012-05-30, ngerman-x-2012-05-30, afrikaans, ancientgreek, ibycus, arabi
c, armenian, basque, bulgarian, catalan, pinyin, coptic, croatian, czech, danis
h, dutch, ukenglish, usenglishmax, esperanto, estonian, ethiopic, farsi, finnis
h, french, friulan, galician, german, ngerman, swissgerman, monogreek, greek, h
ungarian, icelandic, assamese, bengali, gujarati, hindi, kannada, malayalam, ma
rathi, oriya, panjabi, tamil, telugu, indonesian, interlingua, irish, italian, 
kurmanji, latin, latvian, lithuanian, mongolian, mongolianlmc, bokmal, nynorsk,
 piedmontese, polish, portuguese, romanian, romansh, russian, sanskrit, serbian
, serbianc, slovak, slovenian, spanish, swedish, turkish, turkmen, ukrainian, u
ppersorbian, welsh, loaded.
(/usr/local/texlive/2013/texmf-dist/tex/latex/base/article.cls
Document Class: article 2007/10/19 v1.4h Standard LaTeX document class
(/usr/local/texlive/2013/texmf-dist/tex/latex/base/size12.clo
File: size12.clo 2007/10/19 v1.4h Standard LaTeX file (size option)
)
\c@part=\count81
\c@section=\count82
\c@subsection=\count83
\c@subsubsection=\count84
\c@paragraph=\count85
\c@subparagraph=\count86
\c@figure=\count87
\c@table=\count88
\abovecaptionskip=\skip41
\belowcaptionskip=\skip42
\bibindent=\dimen118
)
(/usr/local/texlive/2013/texmf-dist/tex/latex/listings/listings.sty
(/usr/local/texlive/2013/texmf-dist/tex/latex/graphics/keyval.sty
Package: keyval 1999/03/16 v1.13 key=value parser (DPC)
\KV@toks@=\toks15
)
\lst@mode=\count89
\lst@gtempboxa=\box41
\lst@token=\toks16
\lst@length=\count90
\lst@currlwidth=\dimen119
\lst@column=\count91
\lst@pos=\count92
\lst@lostspace=\dimen120
\lst@width=\dimen121
\lst@newlines=\count93
\lst@lineno=\count94
\lst@maxwidth=\dimen122

(/usr/local/texlive/2013/texmf-dist/tex/latex/listings/lstmisc.sty
File: lstmisc.sty 2007/02/22 1.4 (Carsten Heinz)
\c@lstnumber=\count95
\lst@skipnumbers=\count96
\lst@framebox=\box42
)
(/usr/local/texlive/2013/texmf-dist/tex/latex/listings/listings.cfg
File: listings.cfg 2007/02/22 1.4 listings configuration
))
Package: listings 2007/02/22 1.4 (Carsten Heinz)

(./report.aux)
\openout1 = `report.aux'.

LaTeX Font Info:    Checking defaults for OML/cmm/m/it on input line 5.
LaTeX Font Info:    ... okay on input line 5.
LaTeX Font Info:    Checking defaults for T1/cmr/m/n on input line 5.
LaTeX Font Info:    ... okay on input line 5.
LaTeX Font Info:    Checking defaults for OT1/cmr/m/n on input line 5.
LaTeX Font Info:    ... okay on input line 5.
LaTeX Font Info:    Checking defaults for OMS/cmsy/m/n on input line 5.
LaTeX Font Info:    ... okay on input line 5.
LaTeX Font Info:    Checking defaults for OMX/cmex/m/n on input line 5.
LaTeX Font Info:    ... okay on input line 5.
LaTeX Font Info:    Checking defaults for U/cmr/m/n on input line 5.
LaTeX Font Info:    ... okay on input line 5.
LaTeX Font Info:    Checking defaults for JY1/mc/m/n on input line 5.
LaTeX Font Info:    ... okay on input line 5.
LaTeX Font Info:    Checking defaults for JT1/mc/m/n on input line 5.
LaTeX Font Info:    ... okay on input line 5.
\c@lstlisting=\count97
LaTeX Font Info:    External font `cmex10' loaded for size
(Font)              <14.4> on input line 7.
LaTeX Font Info:    External font `cmex10' loaded for size
(Font)              <7> on input line 7.
LaTeX Font Info:    Font shape `JT1/mc/bx/n' in size <17.28> not available
(Font)              Font shape `JT1/gt/m/n' tried instead on input line 9.
LaTeX Font Info:    Font shape `JY1/mc/bx/n' in size <17.28> not available
(Font)              Font shape `JY1/gt/m/n' tried instead on input line 9.
LaTeX Font Info:    Font shape `JT1/mc/bx/n' in size <14.4> not available
(Font)              Font shape `JT1/gt/m/n' tried instead on input line 10.
LaTeX Font Info:    Font shape `JY1/mc/bx/n' in size <14.4> not available
(Font)              Font shape `JY1/gt/m/n' tried instead on input line 10.
 (./test/3.1.scm
LaTeX Font Info:    External font `cmex10' loaded for size
(Font)              <10.95> on input line 2.
LaTeX Font Info:    External font `cmex10' loaded for size
(Font)              <8> on input line 2.
LaTeX Font Info:    External font `cmex10' loaded for size
(Font)              <6> on input line 2.
LaTeX Font Info:    Try loading font information for OMS+cmr on input line 9.

(/usr/local/texlive/2013/texmf-dist/tex/latex/base/omscmr.fd
File: omscmr.fd 1999/05/25 v2.5h Standard LaTeX font definitions
)
LaTeX Font Info:    Font shape `OMS/cmr/m/n' in size <10.95> not available
(Font)              Font shape `OMS/cmsy/m/n' tried instead on input line 9.
) [1

]
(./test/3.3.scm
Overfull \hbox (110.1875pt too wide) in paragraph at lines 12--13
[][][][][][][]\JY1/mc/m/n/10.95 引出[][][][][][][][][][][][][][][][][][][][][] 

 []


Overfull \hbox (78.78638pt too wide) in paragraph at lines 13--15
[][][][][][][]\JY1/mc/m/n/10.95 存在しない操作をする[][][][][][][][][][][][][][
][][][][][][][] 
 []


Overfull \hbox (69.11243pt too wide) in paragraph at lines 17--18
[][][][][][][]\JY1/mc/m/n/10.95 正しいパスワ ードで引出[][][][][][][][][][][][]
[][][][][] 
 []

)
Overfull \hbox (215.76825pt too wide) in paragraph at lines 18--32
[][][][][][][]\JY1/mc/m/n/10.95 間違 っ たパスワ ードで振込[][][][][][][][][][]
[][][][][][][][][][][][][] 
 []


Overfull \hbox (64.14633pt too wide) in paragraph at lines 45--45
[]\OT1/cmtt/m/n/10.95 <Account test>-------------------------------------------
----------------------[] 
 []


Overfull \hbox (64.14633pt too wide) in paragraph at lines 45--45
[]\OT1/cmtt/m/n/10.95 <Password test>------------------------------------------
----------------------[] 
 []

[2] (./test/3.7.scm
Overfull \hbox (17.34424pt too wide) in paragraph at lines 9--10
[][][][][][][][][][][][][][][][][][][][][][][][][][][] 
 []


Overfull \hbox (89.85004pt too wide) in paragraph at lines 10--11
[][][][][][][][][][]\JY1/mc/m/n/10.95 を使 っ て引出[][][][][][][][][][][][][][
][][][][][][] 
 []


Overfull \hbox (81.03839pt too wide) in paragraph at lines 11--12
[][][][][][][]\JY1/mc/m/n/10.95 さらに[][][]を使 っ て引出[][][][][][][][][][][
][][][][][][][] 
 []


Overfull \hbox (74.46832pt too wide) in paragraph at lines 12--13
[][][][][][][]\JY1/mc/m/n/10.95 さらに[][][]を使 っ て振込[][][][][][][][][][][
][][][][][][][] 
 []

[3]
Overfull \hbox (292.49475pt too wide) in paragraph at lines 13--14
[][][][][][][][][][]\JY1/mc/m/n/10.95 のパスワ ードを間違える[][][][][][][][][]
[][][][][][][][][][][][][][][][][] 
 []

)
Overfull \hbox (279.35461pt too wide) in paragraph at lines 14--58
[][][][][][][][][][]\JY1/mc/m/n/10.95 のパスワ ードを間違える[][][][][][][][][]
[][][][][][][][][][][][][][][][][] 
 []


Overfull \hbox (15.48741pt too wide) in paragraph at lines 68--68
[]\OT1/cmtt/m/n/10.95 test peter-acc \JY1/mc/m/n/10.95 のパスワ ードを間違える\
OT1/cmtt/m/n/10.95 , expects "Incorrect password" ==> ok[] 
 []


Overfull \hbox (9.73872pt too wide) in paragraph at lines 68--68
[]\OT1/cmtt/m/n/10.95 test paul-acc \JY1/mc/m/n/10.95 のパスワ ードを間違える\O
T1/cmtt/m/n/10.95 , expects "Incorrect password" ==> ok[] 
 []

[4] (./report.aux) ) 
Here is how much of TeX's memory you used:
 1490 strings out of 494051
 21084 string characters out of 6155710
 88420 words of memory out of 5000000
 4962 multiletter control sequences out of 15000+600000
 15802 words of font info for 62 fonts, out of 8000000 for 9000
 745 hyphenation exceptions out of 8191
 29i,6n,32p,226b,1515s stack positions out of 5000i,500n,10000p,200000b,80000s

Output written on report.dvi (4 pages, 12680 bytes).
